Arguments: 
  C:\Program Files\nodejs\node.exe C:\Users\Raisa\AppData\Roaming\npm\node_modules\yarn\bin\yarn.js add @vue/cli-service

PATH: 
  C:\Python311\Scripts\;C:\Python311\;C:\Program Files (x86)\Intel\iCLS Client\;C:\Program Files\Intel\iCLS Client\;C:\WINDOWS\system32;C:\WINDOWS;C:\WINDOWS\System32\Wbem;C:\WINDOWS\System32\WindowsPowerShell\v1.0\;C:\WINDOWS\System32\OpenSSH\;C:\Program Files\Intel\TXE Components\DAL\;C:\Program Files (x86)\Intel\TXE Components\DAL\;C:\Program Files\Intel\TXE Components\IPT\;C:\Program Files (x86)\Intel\TXE Components\IPT\;C:\Program Files\Git\cmd;C:\ProgramData\chocolatey\bin;%NVM_HOME%;%NVM_SYMLINK%;C:\Users\Raisa\AppData\Local\Microsoft\WindowsApps;C:\Users\Раиса\AppData\Local\Programs\Microsoft VS Code\bin;C:\Users\Раиса\AppData\Roaming\npm;C:\Users\Raisa\AppData\Roaming\npm;C:\Users\Raisa\AppData\Roaming\nvm;C:\Program Files\nodejs

Yarn version: 
  1.22.19

Node version: 
  16.20.0

Platform: 
  win32 x64

Trace: 
  Error: https://registry.yarnpkg.com/date-fns/-/date-fns-2.30.0.tgz: ESOCKETTIMEDOUT
      at ClientRequest.<anonymous> (C:\Users\Raisa\AppData\Roaming\npm\node_modules\yarn\lib\cli.js:141517:19)
      at Object.onceWrapper (node:events:627:28)
      at ClientRequest.emit (node:events:513:28)
      at TLSSocket.emitRequestTimeout (node:_http_client:839:9)
      at Object.onceWrapper (node:events:627:28)
      at TLSSocket.emit (node:events:525:35)
      at TLSSocket.Socket._onTimeout (node:net:550:8)
      at listOnTimeout (node:internal/timers:559:17)
      at processTimers (node:internal/timers:502:7)

npm manifest: 
  {
    "name": "Vinsit",
    "version": "6.4.0",
    "private": true,
    "scripts": {
      "serve": "vue-cli-service serve",
      "build": "vue-cli-service build --dest /var/www/vinsit-deploy",
      "lint": "vue-cli-service lint"
    },
    "dependencies": {
      "@casl/ability": "4.1.6",
      "@casl/vue": "1.1.1",
      "@fullcalendar/common": "5.x",
      "@fullcalendar/core": "5.x",
      "@fullcalendar/daygrid": "5.x",
      "@fullcalendar/interaction": "5.x",
      "@fullcalendar/list": "5.x",
      "@fullcalendar/timegrid": "5.x",
      "@fullcalendar/vue": "5.x",
      "@vue/composition-api": "1.3.0",
      "@vueuse/core": "4.0.0",
      "animate.css": "4.1.1",
      "apexcharts": "^3.37.1",
      "axios": "^0.21.4",
      "axios-mock-adapter": "1.19.0",
      "bootstrap": "4.6.0",
      "bootstrap-vue": "2.21.1",
      "chart.js": "2.9.4",
      "core-js": "^3.8.1",
      "dayjs": "^1.11.7",
      "echarts": "^5.4.1",
      "jsonwebtoken": "^9.0.0",
      "leaflet": "1.6.0",
      "litepicker": "^2.0.12",
      "maska": "^2.1.7",
      "portal-vue": "2.1.7",
      "postcss-rtl": "^2.0.0",
      "prismjs": "^1.29.0",
      "swiper": "^9.0.5",
      "uuid": "8.3.2",
      "vee-validate": "3.4.5",
      "vue": "2.6.12",
      "vue-apexcharts": "1.6.0",
      "vue-autosuggest": "2.2.0",
      "vue-awesome-swiper": "^5.0.1",
      "vue-chartjs": "3.5.0",
      "vue-cleave-component": "2.1.3",
      "vue-clipboard2": "0.3.1",
      "vue-context": "6.0.0",
      "vue-echarts": "^6.5.4",
      "vue-feather-icons": "5.1.0",
      "vue-flatpickr-component": "8.1.6",
      "vue-form-wizard": "0.8.4",
      "vue-good-table": "2.21.0",
      "vue-i18n": "8.22.2",
      "vue-imask": "^6.4.3",
      "vue-moment": "4.1.0",
      "vue-perfect-scrollbar": "0.2.1",
      "vue-prism-component": "1.1.1",
      "vue-quill-editor": "3.0.6",
      "vue-ripple-directive": "2.0.1",
      "vue-router": "3.4.9",
      "vue-select": "3.11.2",
      "vue-slider-component": "3.2.11",
      "vue-sweetalert2": "4.1.1",
      "vue-toastification": "1.7.11",
      "vue-tour": "1.5.0",
      "vue-tree-halower": "1.8.3",
      "vue2-leaflet": "2.5.2",
      "vuedraggable": "2.24.3",
      "vuex": "3.6.0"
    },
    "devDependencies": {
      "@vue/cli-plugin-babel": "^5.0.8",
      "@vue/cli-plugin-eslint": "^5.0.8",
      "@vue/cli-plugin-router": "^5.0.8",
      "@vue/cli-plugin-vuex": "^5.0.8",
      "@vue/cli-service": "^5.0.8",
      "@vue/eslint-config-airbnb": "^5.3.0",
      "@vuepress/plugin-medium-zoom": "^1.7.1",
      "babel-eslint": "^10.0.3",
      "eslint": "6.1.0",
      "eslint-plugin-import": "^2.22.1",
      "eslint-plugin-vue": "6.2.2",
      "sass": "1.32.*",
      "sass-loader": "^10.1.0",
      "vue-template-compiler": "2.6.12"
    }
  }

yarn manifest: 
  No manifest

Lockfile: 
  No lockfile
